<?xml version="1.0" encoding="UTF-8"?>
<!-- Generated by org.testng.reporters.JUnitXMLReporter -->
<testsuite hostname="Hari-PC" ignored="0" name="Testng.xml" tests="4" failures="0" timestamp="2019-11-14T19:59:41 EST" time="43.688" errors="0">
  <testcase name="basePageNavigation" time="11.893" classname="Academy.HomePage"/>
  <testcase name="basePageNavigation" time="3.91" classname="Academy.HomePage"/>
  <testcase name="baseNavigation" time="0.058" classname="Academy.validateNavigationBar"/>
  <testcase name="basePageNavigation" time="0.076" classname="Academy.validateTitle"/>
</testsuite> <!-- Testng.xml -->
