<?xml version="1.0" encoding="UTF-8"?>
<!-- Generated by org.testng.reporters.JUnitXMLReporter -->
<testsuite hostname="Hari-PC" ignored="0" name="Test" tests="4" failures="0" timestamp="2019-11-14T20:01:40 EST" time="36.504" errors="0">
  <testcase name="basePageNavigation" time="10.696" classname="Academy.HomePage"/>
  <testcase name="basePageNavigation" time="3.886" classname="Academy.HomePage"/>
  <testcase name="baseNavigation" time="0.071" classname="Academy.validateNavigationBar"/>
  <testcase name="basePageNavigation" time="0.078" classname="Academy.validateTitle"/>
</testsuite> <!-- Test -->
