<?xml version="1.0" encoding="UTF-8"?>
<!-- Generated by org.testng.reporters.JUnitXMLReporter -->
<testsuite hostname="Hari-PC" ignored="0" name="Validating Navigation" tests="1" failures="0" timestamp="2019-11-15T22:07:34 EST" time="0.007" errors="0">
  <testcase name="@BeforeTest initialize" time="0.001" classname="Academy.validateNavigationBar">
    <failure type="java.lang.NullPointerException">
      <![CDATA[java.lang.NullPointerException
at resources.Base.initializeDriver(Base.java:36)
at Academy.validateNavigationBar.initialize(validateNavigationBar.java:21)
... Removed 24 stack frames]]>
    </failure>
  </testcase> <!-- @BeforeTest initialize -->
  <testcase name="@AfterTest teardown" time="-1.573873654455E9" classname="Academy.validateNavigationBar">
    <skipped/>
  </testcase> <!-- @AfterTest teardown -->
  <testcase name="validateAppNavigation" time="0.0" classname="Academy.validateNavigationBar">
    <skipped/>
  </testcase> <!-- validateAppNavigation -->
</testsuite> <!-- Validating Navigation -->
