<?xml version="1.0" encoding="UTF-8"?>
<testng-results skipped="0" failed="0" ignored="0" total="0" passed="0">
  <reporter-output>
  </reporter-output>
  <suite name="Default suite" duration-ms="191" started-at="2019-11-17T22:54:15 EST" finished-at="2019-11-17T22:54:15 EST">
    <groups>
      <group name="cucumber">
        <method signature="AbstractTestNGCucumberTests.runScenario(io.cucumber.testng.PickleEventWrapper, io.cucumber.testng.CucumberFeatureWrapper)[pri:0, instance:CucumberOptions.testRunner@56aac163]" name="runScenario" class="io.cucumber.testng.AbstractTestNGCucumberTests"/>
      </group> <!-- cucumber -->
    </groups>
    <test name="Default test" duration-ms="191" started-at="2019-11-17T22:54:15 EST" finished-at="2019-11-17T22:54:15 EST">
      <class name="CucumberOptions.testRunner">
        <test-method status="PASS" signature="setUpClass()[pri:0, instance:CucumberOptions.testRunner@56aac163]" name="setUpClass" is-config="true" duration-ms="122" started-at="2019-11-17T22:54:15 EST" finished-at="2019-11-17T22:54:15 EST">
          <reporter-output>
          </reporter-output>
        </test-method> <!-- setUpClass -->
        <test-method status="PASS" signature="tearDownClass()[pri:0, instance:CucumberOptions.testRunner@56aac163]" name="tearDownClass" is-config="true" duration-ms="2" started-at="2019-11-17T22:54:15 EST" finished-at="2019-11-17T22:54:15 EST">
          <reporter-output>
          </reporter-output>
        </test-method> <!-- tearDownClass -->
      </class> <!-- CucumberOptions.testRunner -->
    </test> <!-- Default test -->
  </suite> <!-- Default suite -->
</testng-results>
